# JRE version: Java(TM) SE Runtime Environment (11.0.1+13) (build 11.0.1+13-LTS)
# Java VM: Java HotSpot(TM) 64-Bit Server VM (11.0.1+13-LTS, mixed mode, tiered, compressed oops, g1 gc, windows-amd64)
Heap:
 garbage-first heap   total 101376K, used 39419K [0x00000000c8c00000, 0x0000000100000000)
  region size 1024K, 6 young (6144K), 1 survivors (1024K)
 Metaspace       used 39839K, capacity 40747K, committed 40960K, reserved 1085440K
  class space    used 4158K, capacity 4508K, committed 4608K, reserved 1048576K
GC Heap History (10 events):
Event: 16.221 GC heap before
{Heap before GC invocations=19 (full 0):
 garbage-first heap   total 83968K, used 51329K [0x00000000c8c00000, 0x0000000100000000)
  region size 1024K, 4 young (4096K), 1 survivors (1024K)
 Metaspace       used 37279K, capacity 38126K, committed 38400K, reserved 1083392K
  class space    used 3926K, capacity 4254K, committed 4352K, reserved 1048576K
}
Event: 16.233 GC heap after
{Heap after GC invocations=20 (full 0):
 garbage-first heap   total 83968K, used 44961K [0x00000000c8c00000, 0x0000000100000000)
  region size 1024K, 1 young (1024K), 1 survivors (1024K)
 Metaspace       used 37279K, capacity 38126K, committed 38400K, reserved 1083392K
  class space    used 3926K, capacity 4254K, committed 4352K, reserved 1048576K
}
Event: 17.397 GC heap before
{Heap before GC invocations=20 (full 0):
 garbage-first heap   total 83968K, used 63393K [0x00000000c8c00000, 0x0000000100000000)
  region size 1024K, 19 young (19456K), 1 survivors (1024K)
 Metaspace       used 38638K, capacity 39523K, committed 39808K, reserved 1085440K
  class space    used 4050K, capacity 4397K, committed 4480K, reserved 1048576K
}
Event: 17.405 GC heap after
{Heap after GC invocations=21 (full 0):
 garbage-first heap   total 83968K, used 46291K [0x00000000c8c00000, 0x0000000100000000)
  region size 1024K, 2 young (2048K), 2 survivors (2048K)
 Metaspace       used 38638K, capacity 39523K, committed 39808K, reserved 1085440K
  class space    used 4050K, capacity 4397K, committed 4480K, reserved 1048576K
}
Event: 17.855 GC heap before
{Heap before GC invocations=22 (full 0):
 garbage-first heap   total 83968K, used 64723K [0x00000000c8c00000, 0x0000000100000000)
  region size 1024K, 20 young (20480K), 2 survivors (2048K)
 Metaspace       used 38846K, capacity 39735K, committed 40064K, reserved 1085440K
  class space    used 4064K, capacity 4404K, committed 4480K, reserved 1048576K
}
Event: 17.862 GC heap after
{Heap after GC invocations=23 (full 0):
 garbage-first heap   total 83968K, used 46381K [0x00000000c8c00000, 0x0000000100000000)
  region size 1024K, 2 young (2048K), 2 survivors (2048K)
 Metaspace       used 38846K, capacity 39735K, committed 40064K, reserved 1085440K
  class space    used 4064K, capacity 4404K, committed 4480K, reserved 1048576K
}
Event: 17.894 GC heap before
{Heap before GC invocations=23 (full 0):
 garbage-first heap   total 83968K, used 48429K [0x00000000c8c00000, 0x0000000100000000)
  region size 1024K, 4 young (4096K), 2 survivors (2048K)
 Metaspace       used 38848K, capacity 39735K, committed 40064K, reserved 1085440K
  class space    used 4064K, capacity 4404K, committed 4480K, reserved 1048576K
}
Event: 17.901 GC heap after
{Heap after GC invocations=24 (full 0):
 garbage-first heap   total 101376K, used 37586K [0x00000000c8c00000, 0x0000000100000000)
  region size 1024K, 1 young (1024K), 1 survivors (1024K)
 Metaspace       used 38848K, capacity 39735K, committed 40064K, reserved 1085440K
  class space    used 4064K, capacity 4404K, committed 4480K, reserved 1048576K
}
Event: 17.983 GC heap before
{Heap before GC invocations=24 (full 0):
 garbage-first heap   total 101376K, used 40658K [0x00000000c8c00000, 0x0000000100000000)
  region size 1024K, 4 young (4096K), 1 survivors (1024K)
 Metaspace       used 39138K, capacity 40087K, committed 40320K, reserved 1085440K
  class space    used 4097K, capacity 4436K, committed 4480K, reserved 1048576K
}
Event: 17.994 GC heap after
{Heap after GC invocations=25 (full 0):
 garbage-first heap   total 101376K, used 35323K [0x00000000c8c00000, 0x0000000100000000)
  region size 1024K, 1 young (1024K), 1 survivors (1024K)
 Metaspace       used 39138K, capacity 40087K, committed 40320K, reserved 1085440K
  class space    used 4097K, capacity 4436K, committed 4480K, reserved 1048576K
}

