# JRE version: Java(TM) SE Runtime Environment (11.0.1+13) (build 11.0.1+13-LTS)
# Java VM: Java HotSpot(TM) 64-Bit Server VM (11.0.1+13-LTS, mixed mode, tiered, compressed oops, g1 gc, windows-amd64)
Heap:
 garbage-first heap   total 121856K, used 95388K [0x00000000c8c00000, 0x0000000100000000)
  region size 1024K, 27 young (27648K), 1 survivors (1024K)
 Metaspace       used 44819K, capacity 46161K, committed 46236K, reserved 1093632K
  class space    used 4957K, capacity 5518K, committed 5576K, reserved 1048576K
GC Heap History (10 events):
Event: 11.703 GC heap before
{Heap before GC invocations=22 (full 0):
 garbage-first heap   total 101376K, used 79730K [0x00000000c8c00000, 0x0000000100000000)
  region size 1024K, 30 young (30720K), 3 survivors (3072K)
 Metaspace       used 36682K, capacity 37524K, committed 37788K, reserved 1083392K
  class space    used 3877K, capacity 4241K, committed 4296K, reserved 1048576K
}
Event: 11.716 GC heap after
{Heap after GC invocations=23 (full 0):
 garbage-first heap   total 121856K, used 55107K [0x00000000c8c00000, 0x0000000100000000)
  region size 1024K, 3 young (3072K), 3 survivors (3072K)
 Metaspace       used 36682K, capacity 37524K, committed 37788K, reserved 1083392K
  class space    used 3877K, capacity 4241K, committed 4296K, reserved 1048576K
}
Event: 11.753 GC heap before
{Heap before GC invocations=23 (full 0):
 garbage-first heap   total 121856K, used 57155K [0x00000000c8c00000, 0x0000000100000000)
  region size 1024K, 5 young (5120K), 3 survivors (3072K)
 Metaspace       used 36783K, capacity 37664K, committed 37788K, reserved 1083392K
  class space    used 3895K, capacity 4244K, committed 4296K, reserved 1048576K
}
Event: 11.763 GC heap after
{Heap after GC invocations=24 (full 0):
 garbage-first heap   total 121856K, used 52058K [0x00000000c8c00000, 0x0000000100000000)
  region size 1024K, 1 young (1024K), 1 survivors (1024K)
 Metaspace       used 36783K, capacity 37664K, committed 37788K, reserved 1083392K
  class space    used 3895K, capacity 4244K, committed 4296K, reserved 1048576K
}
Event: 13.347 GC heap before
{Heap before GC invocations=24 (full 0):
 garbage-first heap   total 121856K, used 84826K [0x00000000c8c00000, 0x0000000100000000)
  region size 1024K, 33 young (33792K), 1 survivors (1024K)
 Metaspace       used 38846K, capacity 39852K, committed 39964K, reserved 1085440K
  class space    used 4200K, capacity 4661K, committed 4680K, reserved 1048576K
}
Event: 13.357 GC heap after
{Heap after GC invocations=25 (full 0):
 garbage-first heap   total 121856K, used 54347K [0x00000000c8c00000, 0x0000000100000000)
  region size 1024K, 3 young (3072K), 3 survivors (3072K)
 Metaspace       used 38846K, capacity 39852K, committed 39964K, reserved 1085440K
  class space    used 4200K, capacity 4661K, committed 4680K, reserved 1048576K
}
Event: 14.515 GC heap before
{Heap before GC invocations=25 (full 0):
 garbage-first heap   total 121856K, used 92235K [0x00000000c8c00000, 0x0000000100000000)
  region size 1024K, 40 young (40960K), 3 survivors (3072K)
 Metaspace       used 40518K, capacity 41550K, committed 41756K, reserved 1085440K
  class space    used 4424K, capacity 4865K, committed 4936K, reserved 1048576K
}
Event: 14.528 GC heap after
{Heap after GC invocations=26 (full 0):
 garbage-first heap   total 121856K, used 57153K [0x00000000c8c00000, 0x0000000100000000)
  region size 1024K, 3 young (3072K), 3 survivors (3072K)
 Metaspace       used 40518K, capacity 41550K, committed 41756K, reserved 1085440K
  class space    used 4424K, capacity 4865K, committed 4936K, reserved 1048576K
}
Event: 14.729 GC heap before
{Heap before GC invocations=26 (full 0):
 garbage-first heap   total 121856K, used 67393K [0x00000000c8c00000, 0x0000000100000000)
  region size 1024K, 14 young (14336K), 3 survivors (3072K)
 Metaspace       used 40991K, capacity 42001K, committed 42140K, reserved 1087488K
  class space    used 4484K, capacity 4930K, committed 5064K, reserved 1048576K
}
Event: 14.738 GC heap after
{Heap after GC invocations=27 (full 0):
 garbage-first heap   total 121856K, used 58266K [0x00000000c8c00000, 0x0000000100000000)
  region size 1024K, 2 young (2048K), 2 survivors (2048K)
 Metaspace       used 40991K, capacity 42001K, committed 42140K, reserved 1087488K
  class space    used 4484K, capacity 4930K, committed 5064K, reserved 1048576K
}

